12:37:46.744 [main] INFO  org.testng.internal.Utils - [TestNG] Running:
  C:\Users\mohsi\old eclipse\Salesforce_Projectv1\master.xml

12:39:31.021 [main] DEBUG org.testng.TestNG - suiteXmlPath: "C:\Users\mohsi\old eclipse\Salesforce_Projectv1\master.xml"
12:39:31.288 [main] INFO  org.testng.internal.Utils - [TestNG] Running:
  C:\Users\mohsi\old eclipse\Salesforce_Projectv1\master.xml

12:41:00.659 [main] DEBUG org.testng.TestNG - suiteXmlPath: "C:\Users\mohsi\old eclipse\Salesforce_Projectv1\master.xml"
12:41:00.924 [main] INFO  org.testng.internal.Utils - [TestNG] Running:
  C:\Users\mohsi\old eclipse\Salesforce_Projectv1\master.xml

12:42:31.546 [main] DEBUG org.testng.TestNG - suiteXmlPath: "C:\Users\mohsi\old eclipse\Salesforce_Projectv1\master.xml"
12:42:31.811 [main] INFO  org.testng.internal.Utils - [TestNG] Running:
  C:\Users\mohsi\old eclipse\Salesforce_Projectv1\master.xml

12:57:08.428 [main] DEBUG org.testng.TestNG - suiteXmlPath: "C:\Users\mohsi\old eclipse\Salesforce_Projectv1\master.xml"
12:57:08.702 [main] INFO  org.testng.internal.Utils - [TestNG] Running:
  C:\Users\mohsi\old eclipse\Salesforce_Projectv1\master.xml

12:58:51.532 [main] DEBUG org.testng.TestNG - suiteXmlPath: "C:\Users\mohsi\old eclipse\Salesforce_Projectv1\master.xml"
12:58:51.823 [main] INFO  org.testng.internal.Utils - [TestNG] Running:
  C:\Users\mohsi\old eclipse\Salesforce_Projectv1\master.xml

12:59:36.321 [main] DEBUG org.testng.TestNG - suiteXmlPath: "C:\Users\mohsi\old eclipse\Salesforce_Projectv1\master.xml"
12:59:36.579 [main] INFO  org.testng.internal.Utils - [TestNG] Running:
  C:\Users\mohsi\old eclipse\Salesforce_Projectv1\master.xml

13:00:34.310 [main] DEBUG org.testng.TestNG - suiteXmlPath: "C:\Users\mohsi\old eclipse\Salesforce_Projectv1\master.xml"
13:00:34.589 [main] INFO  org.testng.internal.Utils - [TestNG] Running:
  C:\Users\mohsi\old eclipse\Salesforce_Projectv1\master.xml

14:13:27.124 [main] DEBUG org.testng.TestNG - suiteXmlPath: "C:\Users\mohsi\old eclipse\Salesforce_Projectv1\master.xml"
14:13:27.436 [main] INFO  org.testng.internal.Utils - [TestNG] Running:
  C:\Users\mohsi\old eclipse\Salesforce_Projectv1\master.xml

15:21:13.109 [main] DEBUG org.testng.TestNG - suiteXmlPath: "C:\Users\mohsi\old eclipse\Salesforce_Projectv1\master.xml"
15:21:13.491 [main] INFO  org.testng.internal.Utils - [TestNG] Running:
  C:\Users\mohsi\old eclipse\Salesforce_Projectv1\master.xml

15:59:03.036 [main] DEBUG org.testng.TestNG - suiteXmlPath: "C:\Users\mohsi\old eclipse\Salesforce_Projectv1\master.xml"
15:59:03.298 [main] INFO  org.testng.internal.Utils - [TestNG] Running:
  C:\Users\mohsi\old eclipse\Salesforce_Projectv1\master.xml

15:59:32.868 [main] DEBUG org.testng.TestNG - suiteXmlPath: "C:\Users\mohsi\old eclipse\Salesforce_Projectv1\master.xml"
15:59:33.132 [main] INFO  org.testng.internal.Utils - [TestNG] Running:
  C:\Users\mohsi\old eclipse\Salesforce_Projectv1\master.xml

16:00:46.732 [main] DEBUG org.testng.TestNG - suiteXmlPath: "C:\Users\mohsi\old eclipse\Salesforce_Projectv1\master.xml"
16:00:46.983 [main] INFO  org.testng.internal.Utils - [TestNG] Running:
  C:\Users\mohsi\old eclipse\Salesforce_Projectv1\master.xml

16:02:54.261 [main] DEBUG org.testng.TestNG - suiteXmlPath: "C:\Users\mohsi\old eclipse\Salesforce_Projectv1\master.xml"
16:02:54.535 [main] INFO  org.testng.internal.Utils - [TestNG] Running:
  C:\Users\mohsi\old eclipse\Salesforce_Projectv1\master.xml

16:11:10.456 [main] DEBUG org.testng.TestNG - suiteXmlPath: "C:\Users\mohsi\old eclipse\Salesforce_Projectv1\master.xml"
16:11:10.735 [main] INFO  org.testng.internal.Utils - [TestNG] Running:
  C:\Users\mohsi\old eclipse\Salesforce_Projectv1\master.xml

16:14:16.251 [main] DEBUG org.testng.TestNG - suiteXmlPath: "C:\Users\mohsi\old eclipse\Salesforce_Projectv1\master.xml"
16:14:16.541 [main] INFO  org.testng.internal.Utils - [TestNG] Running:
  C:\Users\mohsi\old eclipse\Salesforce_Projectv1\master.xml

23:30:57.860 [main] DEBUG org.testng.TestNG - suiteXmlPath: "C:\Users\mohsi\old eclipse\Salesforce_Projectv1\master.xml"
23:30:58.275 [main] INFO  org.testng.internal.Utils - [TestNG] Running:
  C:\Users\mohsi\old eclipse\Salesforce_Projectv1\master.xml

23:46:55.291 [main] DEBUG org.testng.TestNG - suiteXmlPath: "C:\Users\mohsi\old eclipse\Salesforce_Projectv1\master.xml"
23:46:55.623 [main] INFO  org.testng.internal.Utils - [TestNG] Running:
  C:\Users\mohsi\old eclipse\Salesforce_Projectv1\master.xml

23:52:12.180 [main] DEBUG org.testng.TestNG - suiteXmlPath: "C:\Users\mohsi\old eclipse\Salesforce_Projectv1\master.xml"
23:52:12.586 [main] INFO  org.testng.internal.Utils - [TestNG] Running:
  C:\Users\mohsi\old eclipse\Salesforce_Projectv1\master.xml

23:56:13.440 [main] DEBUG org.testng.TestNG - suiteXmlPath: "C:\Users\mohsi\old eclipse\Salesforce_Projectv1\crossbrowser.xml"
23:56:13.791 [main] INFO  org.testng.internal.Utils - [TestNG] Running:
  C:\Users\mohsi\old eclipse\Salesforce_Projectv1\crossbrowser.xml

