19:18:40.302 [main] DEBUG org.testng.TestNG - suiteXmlPath: "C:\Users\mohsi\old eclipse\Salesforce_Projectv1\master.xml"
19:18:40.703 [main] INFO  org.testng.internal.Utils - [TestNG] Running:
  C:\Users\mohsi\old eclipse\Salesforce_Projectv1\master.xml

19:55:15.159 [main] DEBUG org.testng.TestNG - suiteXmlPath: "C:\Users\mohsi\old eclipse\Salesforce_Projectv1\master.xml"
19:55:15.546 [main] INFO  org.testng.internal.Utils - [TestNG] Running:
  C:\Users\mohsi\old eclipse\Salesforce_Projectv1\master.xml

20:08:07.549 [main] DEBUG org.testng.TestNG - suiteXmlPath: "C:\Users\mohsi\old eclipse\Salesforce_Projectv1\master.xml"
20:08:07.943 [main] INFO  org.testng.internal.Utils - [TestNG] Running:
  C:\Users\mohsi\old eclipse\Salesforce_Projectv1\master.xml

20:09:13.571 [main] DEBUG org.testng.TestNG - suiteXmlPath: "C:\Users\mohsi\old eclipse\Salesforce_Projectv1\master.xml"
20:09:13.962 [main] INFO  org.testng.internal.Utils - [TestNG] Running:
  C:\Users\mohsi\old eclipse\Salesforce_Projectv1\master.xml

20:28:02.811 [main] DEBUG org.testng.TestNG - suiteXmlPath: "C:\Users\mohsi\old eclipse\Salesforce_Projectv1\master.xml"
20:28:03.235 [main] INFO  org.testng.internal.Utils - [TestNG] Running:
  C:\Users\mohsi\old eclipse\Salesforce_Projectv1\master.xml

20:34:25.480 [main] DEBUG org.testng.TestNG - suiteXmlPath: "C:\Users\mohsi\old eclipse\Salesforce_Projectv1\master.xml"
14:14:59.949 [main] DEBUG org.testng.TestNG - suiteXmlPath: "C:\Users\mohsi\old eclipse\Salesforce_Projectv1\master.xml"
14:15:00.263 [main] INFO  org.testng.internal.Utils - [TestNG] Running:
  C:\Users\mohsi\old eclipse\Salesforce_Projectv1\master.xml

14:16:12.973 [main] DEBUG org.testng.TestNG - suiteXmlPath: "C:\Users\mohsi\old eclipse\Salesforce_Projectv1\master.xml"
14:16:13.350 [main] INFO  org.testng.internal.Utils - [TestNG] Running:
  C:\Users\mohsi\old eclipse\Salesforce_Projectv1\master.xml

14:27:21.140 [main] DEBUG org.testng.TestNG - suiteXmlPath: "C:\Users\mohsi\old eclipse\Salesforce_Projectv1\master.xml"
14:27:21.398 [main] INFO  org.testng.internal.Utils - [TestNG] Running:
  C:\Users\mohsi\old eclipse\Salesforce_Projectv1\master.xml

14:40:43.942 [main] DEBUG org.testng.TestNG - suiteXmlPath: "C:\Users\mohsi\old eclipse\Salesforce_Projectv1\master.xml"
14:40:44.196 [main] INFO  org.testng.internal.Utils - [TestNG] Running:
  C:\Users\mohsi\old eclipse\Salesforce_Projectv1\master.xml

14:45:34.943 [main] DEBUG org.testng.TestNG - suiteXmlPath: "C:\Users\mohsi\old eclipse\Salesforce_Projectv1\master.xml"
14:45:35.428 [main] INFO  org.testng.internal.Utils - [TestNG] Running:
  C:\Users\mohsi\old eclipse\Salesforce_Projectv1\master.xml

14:47:09.907 [main] DEBUG org.testng.TestNG - suiteXmlPath: "C:\Users\mohsi\old eclipse\Salesforce_Projectv1\master.xml"
14:47:10.178 [main] INFO  org.testng.internal.Utils - [TestNG] Running:
  C:\Users\mohsi\old eclipse\Salesforce_Projectv1\master.xml

15:02:09.236 [main] DEBUG org.testng.TestNG - suiteXmlPath: "C:\Users\mohsi\old eclipse\Salesforce_Projectv1\master.xml"
15:02:09.517 [main] INFO  org.testng.internal.Utils - [TestNG] Running:
  C:\Users\mohsi\old eclipse\Salesforce_Projectv1\master.xml

15:16:19.455 [main] DEBUG org.testng.TestNG - suiteXmlPath: "C:\Users\mohsi\old eclipse\Salesforce_Projectv1\master.xml"
15:16:19.734 [main] INFO  org.testng.internal.Utils - [TestNG] Running:
  C:\Users\mohsi\old eclipse\Salesforce_Projectv1\master.xml

15:22:20.092 [main] DEBUG org.testng.TestNG - suiteXmlPath: "C:\Users\mohsi\old eclipse\Salesforce_Projectv1\master.xml"
15:22:20.383 [main] INFO  org.testng.internal.Utils - [TestNG] Running:
  C:\Users\mohsi\old eclipse\Salesforce_Projectv1\master.xml

15:23:09.548 [main] DEBUG org.testng.TestNG - suiteXmlPath: "C:\Users\mohsi\old eclipse\Salesforce_Projectv1\master.xml"
15:23:09.834 [main] INFO  org.testng.internal.Utils - [TestNG] Running:
  C:\Users\mohsi\old eclipse\Salesforce_Projectv1\master.xml

15:27:29.024 [main] DEBUG org.testng.TestNG - suiteXmlPath: "C:\Users\mohsi\AppData\Local\Temp\testng-eclipse-328040643\testng-customsuite.xml"
15:27:29.250 [main] INFO  org.testng.internal.Utils - [Utils] MethodGroupsHelper.collectMethodsByGroup() took 1 ms.
15:27:29.252 [main] INFO  org.testng.internal.Utils - [Utils] MethodGroupsHelper.sortMethods() took 1 ms.
15:27:29.253 [main] INFO  org.testng.internal.Utils - [Utils] MethodGroupsHelper.collectMethodsByGroup() took 0 ms.
15:27:29.253 [main] INFO  org.testng.internal.Utils - [Utils] MethodGroupsHelper.sortMethods() took 0 ms.
15:27:29.254 [main] INFO  org.testng.internal.Utils - [Utils] MethodGroupsHelper.collectMethodsByGroup() took 0 ms.
15:27:29.254 [main] INFO  org.testng.internal.Utils - [Utils] MethodGroupsHelper.sortMethods() took 0 ms.
15:27:29.254 [main] INFO  org.testng.internal.Utils - [Utils] MethodGroupsHelper.collectMethodsByGroup() took 0 ms.
15:27:29.254 [main] INFO  org.testng.internal.Utils - [Utils] MethodGroupsHelper.sortMethods() took 0 ms.
